{"numTotalTestSuites":22,"numPassedTestSuites":22,"numFailedTestSuites":0,"numPendingTestSuites":0,"numTotalTests":46,"numPassedTests":46,"numFailedTests":0,"numPendingTests":0,"numTodoTests":0,"snapshot":{"added":0,"failure":false,"filesAdded":0,"filesRemoved":0,"filesRemovedList":[],"filesUnmatched":0,"filesUpdated":0,"matched":0,"total":0,"unchecked":0,"uncheckedKeysByFile":[],"unmatched":0,"updated":0,"didUpdate":false},"startTime":1750450027867,"success":true,"testResults":[{"assertionResults":[{"ancestorTitles":["useNotificacoes","Estado inicial"],"fullName":"useNotificacoes Estado inicial deve inicializar com permissão padrão","status":"passed","title":"deve inicializar com permissão padrão","duration":1.7703209999999672,"failureMessages":[],"location":{"line":69,"column":5},"meta":{}},{"ancestorTitles":["useNotificacoes","Estado inicial"],"fullName":"useNotificacoes Estado inicial deve carregar configuração do localStorage","status":"passed","title":"deve carregar configuração do localStorage","duration":1.0905039999997825,"failureMessages":[],"location":{"line":75,"column":5},"meta":{}},{"ancestorTitles":["useNotificacoes","Solicitação de permissão"],"fullName":"useNotificacoes Solicitação de permissão deve solicitar permissão para notificações","status":"passed","title":"deve solicitar permissão para notificações","duration":1.858817999999701,"failureMessages":[],"location":{"line":92,"column":5},"meta":{}},{"ancestorTitles":["useNotificacoes","Solicitação de permissão"],"fullName":"useNotificacoes Solicitação de permissão deve lidar com permissão negada","status":"passed","title":"deve lidar com permissão negada","duration":1.9013899999999921,"failureMessages":[],"location":{"line":107,"column":5},"meta":{}},{"ancestorTitles":["useNotificacoes","Solicitação de permissão"],"fullName":"useNotificacoes Solicitação de permissão deve atualizar estado da permissão","status":"passed","title":"deve atualizar estado da permissão","duration":2.57630700000027,"failureMessages":[],"location":{"line":121,"column":5},"meta":{}},{"ancestorTitles":["useNotificacoes","Envio de notificações"],"fullName":"useNotificacoes Envio de notificações deve enviar notificação desktop quando permitido","status":"passed","title":"deve enviar notificação desktop quando permitido","duration":4.216292000000067,"failureMessages":[],"location":{"line":144,"column":5},"meta":{}},{"ancestorTitles":["useNotificacoes","Envio de notificações"],"fullName":"useNotificacoes Envio de notificações deve tocar som quando configurado","status":"passed","title":"deve tocar som quando configurado","duration":3.4168680000002496,"failureMessages":[],"location":{"line":170,"column":5},"meta":{}},{"ancestorTitles":["useNotificacoes","Envio de notificações"],"fullName":"useNotificacoes Envio de notificações não deve tocar som quando desabilitado","status":"passed","title":"não deve tocar som quando desabilitado","duration":2.1905869999995957,"failureMessages":[],"location":{"line":187,"column":5},"meta":{}},{"ancestorTitles":["useNotificacoes","Envio de notificações"],"fullName":"useNotificacoes Envio de notificações deve vibrar quando configurado e suportado","status":"passed","title":"deve vibrar quando configurado e suportado","duration":2.0229090000002543,"failureMessages":[],"location":{"line":204,"column":5},"meta":{}},{"ancestorTitles":["useNotificacoes","Envio de notificações"],"fullName":"useNotificacoes Envio de notificações não deve enviar notificação desktop quando permissão negada","status":"passed","title":"não deve enviar notificação desktop quando permissão negada","duration":2.1515330000001995,"failureMessages":[],"location":{"line":221,"column":5},"meta":{}},{"ancestorTitles":["useNotificacoes","Envio de notificações"],"fullName":"useNotificacoes Envio de notificações deve usar ícone correto baseado no tipo","status":"passed","title":"deve usar ícone correto baseado no tipo","duration":5.415662000000339,"failureMessages":[],"location":{"line":239,"column":5},"meta":{}},{"ancestorTitles":["useNotificacoes","Configuração de notificações"],"fullName":"useNotificacoes Configuração de notificações deve configurar notificações e persistir no localStorage","status":"passed","title":"deve configurar notificações e persistir no localStorage","duration":2.2606089999999313,"failureMessages":[],"location":{"line":272,"column":5},"meta":{}},{"ancestorTitles":["useNotificacoes","Configuração de notificações"],"fullName":"useNotificacoes Configuração de notificações deve aplicar configuração ao enviar notificações","status":"passed","title":"deve aplicar configuração ao enviar notificações","duration":4.653048000000126,"failureMessages":[],"location":{"line":291,"column":5},"meta":{}},{"ancestorTitles":["useNotificacoes","Tratamento de erros"],"fullName":"useNotificacoes Tratamento de erros deve lidar com erro ao tocar som","status":"passed","title":"deve lidar com erro ao tocar som","duration":7.091534000000138,"failureMessages":[],"location":{"line":323,"column":5},"meta":{}},{"ancestorTitles":["useNotificacoes","Tratamento de erros"],"fullName":"useNotificacoes Tratamento de erros deve lidar com navegador sem suporte a vibração","status":"passed","title":"deve lidar com navegador sem suporte a vibração","duration":2.497758000000431,"failureMessages":[],"location":{"line":343,"column":5},"meta":{}}],"startTime":1750450030662,"endTime":1750450030707.4978,"status":"passed","message":"","name":"/home/eu/stayfocus-main-2/__tests__/hooks/useNotificacoes.test.tsx"},{"assertionResults":[{"ancestorTitles":["useSessoes","Estado inicial"],"fullName":"useSessoes Estado inicial deve inicializar com estado vazio","status":"passed","title":"deve inicializar com estado vazio","duration":31.000244000000066,"failureMessages":[],"location":{"line":51,"column":5},"meta":{}},{"ancestorTitles":["useSessoes","Estado inicial"],"fullName":"useSessoes Estado inicial deve carregar sessões do usuário autenticado","status":"passed","title":"deve carregar sessões do usuário autenticado","duration":60.132770000000164,"failureMessages":[],"location":{"line":62,"column":5},"meta":{}},{"ancestorTitles":["useSessoes","Estado inicial"],"fullName":"useSessoes Estado inicial deve lidar com erro ao carregar sessões","status":"passed","title":"deve lidar com erro ao carregar sessões","duration":56.557191999999986,"failureMessages":[],"location":{"line":91,"column":5},"meta":{}},{"ancestorTitles":["useSessoes","Criação de sessões"],"fullName":"useSessoes Criação de sessões deve criar nova sessão","status":"passed","title":"deve criar nova sessão","duration":61.04306399999996,"failureMessages":[],"location":{"line":107,"column":5},"meta":{}},{"ancestorTitles":["useSessoes","Criação de sessões"],"fullName":"useSessoes Criação de sessões deve lidar com erro na criação de sessão","status":"passed","title":"deve lidar com erro na criação de sessão","duration":5.708106000000043,"failureMessages":[],"location":{"line":141,"column":5},"meta":{}},{"ancestorTitles":["useSessoes","Atualização de sessões"],"fullName":"useSessoes Atualização de sessões deve atualizar sessão existente","status":"passed","title":"deve atualizar sessão existente","duration":5.082681999999977,"failureMessages":[],"location":{"line":161,"column":5},"meta":{}},{"ancestorTitles":["useSessoes","Atualização de sessões"],"fullName":"useSessoes Atualização de sessões deve finalizar sessão","status":"passed","title":"deve finalizar sessão","duration":8.223537000000078,"failureMessages":[],"location":{"line":191,"column":5},"meta":{}},{"ancestorTitles":["useSessoes","Cancelamento de sessões"],"fullName":"useSessoes Cancelamento de sessões deve cancelar sessão","status":"passed","title":"deve cancelar sessão","duration":2.6050219999999626,"failureMessages":[],"location":{"line":225,"column":5},"meta":{}},{"ancestorTitles":["useSessoes","Gerenciamento de sessão ativa"],"fullName":"useSessoes Gerenciamento de sessão ativa deve iniciar sessão ativa","status":"passed","title":"deve iniciar sessão ativa","duration":63.568664000000126,"failureMessages":[],"location":{"line":237,"column":5},"meta":{}},{"ancestorTitles":["useSessoes","Gerenciamento de sessão ativa"],"fullName":"useSessoes Gerenciamento de sessão ativa deve pausar sessão ativa","status":"passed","title":"deve pausar sessão ativa","duration":157.03135799999995,"failureMessages":[],"location":{"line":271,"column":5},"meta":{}},{"ancestorTitles":["useSessoes","Gerenciamento de sessão ativa"],"fullName":"useSessoes Gerenciamento de sessão ativa deve retomar sessão ativa","status":"passed","title":"deve retomar sessão ativa","duration":161.7922500000002,"failureMessages":[],"location":{"line":308,"column":5},"meta":{}},{"ancestorTitles":["useSessoes","Gerenciamento de sessão ativa"],"fullName":"useSessoes Gerenciamento de sessão ativa deve finalizar sessão ativa","status":"passed","title":"deve finalizar sessão ativa","duration":114.792821,"failureMessages":[],"location":{"line":346,"column":5},"meta":{}}],"startTime":1750450029583,"endTime":1750450030311.7927,"status":"passed","message":"","name":"/home/eu/stayfocus-main-2/__tests__/hooks/useSessoes.test.tsx"},{"assertionResults":[{"ancestorTitles":["useTimer","Estado inicial"],"fullName":"useTimer Estado inicial deve inicializar com configuração padrão","status":"passed","title":"deve inicializar com configuração padrão","duration":5.048064999999951,"failureMessages":[],"location":{"line":41,"column":5},"meta":{}},{"ancestorTitles":["useTimer","Estado inicial"],"fullName":"useTimer Estado inicial deve carregar configuração do localStorage se existir","status":"passed","title":"deve carregar configuração do localStorage se existir","duration":1.9873720000000503,"failureMessages":[],"location":{"line":52,"column":5},"meta":{}},{"ancestorTitles":["useTimer","Controles básicos"],"fullName":"useTimer Controles básicos deve iniciar o timer","status":"passed","title":"deve iniciar o timer","duration":2.4681319999999687,"failureMessages":[],"location":{"line":74,"column":5},"meta":{}},{"ancestorTitles":["useTimer","Controles básicos"],"fullName":"useTimer Controles básicos deve pausar o timer quando estiver rodando","status":"passed","title":"deve pausar o timer quando estiver rodando","duration":3.105058000000099,"failureMessages":[],"location":{"line":84,"column":5},"meta":{}},{"ancestorTitles":["useTimer","Controles básicos"],"fullName":"useTimer Controles básicos deve retomar o timer quando estiver pausado","status":"passed","title":"deve retomar o timer quando estiver pausado","duration":2.7084070000000793,"failureMessages":[],"location":{"line":100,"column":5},"meta":{}},{"ancestorTitles":["useTimer","Controles básicos"],"fullName":"useTimer Controles básicos deve parar o timer","status":"passed","title":"deve parar o timer","duration":2.483111000000008,"failureMessages":[],"location":{"line":117,"column":5},"meta":{}},{"ancestorTitles":["useTimer","Controles básicos"],"fullName":"useTimer Controles básicos deve resetar o timer","status":"passed","title":"deve resetar o timer","duration":3.2718740000000253,"failureMessages":[],"location":{"line":129,"column":5},"meta":{}},{"ancestorTitles":["useTimer","Contagem regressiva"],"fullName":"useTimer Contagem regressiva deve decrementar o tempo quando rodando","status":"passed","title":"deve decrementar o tempo quando rodando","duration":3.130696000000171,"failureMessages":[],"location":{"line":147,"column":5},"meta":{}},{"ancestorTitles":["useTimer","Contagem regressiva"],"fullName":"useTimer Contagem regressiva não deve decrementar quando pausado","status":"passed","title":"não deve decrementar quando pausado","duration":2.576538000000255,"failureMessages":[],"location":{"line":163,"column":5},"meta":{}},{"ancestorTitles":["useTimer","Contagem regressiva"],"fullName":"useTimer Contagem regressiva não deve decrementar quando parado","status":"passed","title":"não deve decrementar quando parado","duration":1.999554999999873,"failureMessages":[],"location":{"line":180,"column":5},"meta":{}},{"ancestorTitles":["useTimer","Alternância de tipos"],"fullName":"useTimer Alternância de tipos deve alternar para pausa quando foco terminar","status":"passed","title":"deve alternar para pausa quando foco terminar","duration":11.62483599999996,"failureMessages":[],"location":{"line":194,"column":5},"meta":{}},{"ancestorTitles":["useTimer","Alternância de tipos"],"fullName":"useTimer Alternância de tipos deve alternar para foco quando pausa terminar","status":"passed","title":"deve alternar para foco quando pausa terminar","duration":7.766521999999895,"failureMessages":[],"location":{"line":211,"column":5},"meta":{}},{"ancestorTitles":["useTimer","Alternância de tipos"],"fullName":"useTimer Alternância de tipos deve alternar para pausa longa após número configurado de ciclos","status":"passed","title":"deve alternar para pausa longa após número configurado de ciclos","duration":28.846455999999762,"failureMessages":[],"location":{"line":239,"column":5},"meta":{}},{"ancestorTitles":["useTimer","Alternância de tipos"],"fullName":"useTimer Alternância de tipos deve permitir alternar tipo manualmente","status":"passed","title":"deve permitir alternar tipo manualmente","duration":2.003201999999874,"failureMessages":[],"location":{"line":267,"column":5},"meta":{}},{"ancestorTitles":["useTimer","Utilitários"],"fullName":"useTimer Utilitários deve formatar tempo corretamente","status":"passed","title":"deve formatar tempo corretamente","duration":5.00057599999991,"failureMessages":[],"location":{"line":281,"column":5},"meta":{}},{"ancestorTitles":["useTimer","Utilitários"],"fullName":"useTimer Utilitários deve calcular progresso corretamente","status":"passed","title":"deve calcular progresso corretamente","duration":5.527211999999963,"failureMessages":[],"location":{"line":290,"column":5},"meta":{}},{"ancestorTitles":["useTimer","Configuração"],"fullName":"useTimer Configuração deve atualizar configuração e persistir no localStorage","status":"passed","title":"deve atualizar configuração e persistir no localStorage","duration":3.949276000000282,"failureMessages":[],"location":{"line":310,"column":5},"meta":{}},{"ancestorTitles":["useTimer","Configuração"],"fullName":"useTimer Configuração deve atualizar tempo do timer quando configuração mudar e timer estiver parado","status":"passed","title":"deve atualizar tempo do timer quando configuração mudar e timer estiver parado","duration":2.331583000000137,"failureMessages":[],"location":{"line":330,"column":5},"meta":{}},{"ancestorTitles":["useTimer","Configuração"],"fullName":"useTimer Configuração não deve atualizar tempo do timer quando estiver rodando","status":"passed","title":"não deve atualizar tempo do timer quando estiver rodando","duration":22.63383600000043,"failureMessages":[],"location":{"line":341,"column":5},"meta":{}}],"startTime":1750450030401,"endTime":1750450030519.6338,"status":"passed","message":"","name":"/home/eu/stayfocus-main-2/__tests__/hooks/useTimer.test.tsx"}]}